<?xml version="1.0" encoding="UTF-8"?>
<!-- Generated by org.testng.reporters.JUnitReportReporter -->
<testsuite hostname="LAPTOP-EC6ERCVJ" failures="0" tests="1" name="com.qa.testcases.CreateNewAccountTest" time="5.013" errors="0" timestamp="2022-05-25T13:12:28 IST" skipped="0">
  <testcase classname="com.qa.testcases.CreateNewAccountTest" name="createNewAccountTest" time="5.013"/>
  <system-out/>
</testsuite> <!-- com.qa.testcases.CreateNewAccountTest -->
