<?xml version="1.0" encoding="UTF-8"?>
<!-- Generated by org.testng.reporters.JUnitReportReporter -->
<testsuite hostname="LAPTOP-EC6ERCVJ" failures="0" tests="1" name="com.qa.testcases.LoginTest" time="8.688" errors="0" timestamp="2022-05-25T13:12:28 IST" skipped="0">
  <testcase classname="com.qa.testcases.LoginTest" name="loginTest" time="8.688"/>
  <system-out/>
</testsuite> <!-- com.qa.testcases.LoginTest -->
